Running script at Thu 20 Jun 2024 13:48:06 WAT
Running script at Thu 20 Jun 2024 13:48:06 WAT
[main 937e060f] hot fix
 1 file changed, 2 insertions(+), 306 deletions(-)
 rewrite script.log (100%)
Running script at Thu 20 Jun 2024 13:49:06 WAT
Running script at Thu 20 Jun 2024 13:49:06 WAT
[main 4410028c] hot fix
 2 files changed, 6 insertions(+), 1 deletion(-)
Running script at Thu 20 Jun 2024 13:50:06 WAT
Running script at Thu 20 Jun 2024 13:50:06 WAT
[main 9df5036f] hot fix
 2 files changed, 5 insertions(+), 1 deletion(-)
Running script at Thu 20 Jun 2024 13:51:06 WAT
Running script at Thu 20 Jun 2024 13:51:06 WAT
[main 0cd5627f] hot fix
 2 files changed, 5 insertions(+), 1 deletion(-)
Running script at Thu 20 Jun 2024 13:52:06 WAT
Running script at Thu 20 Jun 2024 13:52:06 WAT
[main eaca4766] hot fix
 2 files changed, 5 insertions(+), 1 deletion(-)
Running script at Thu 20 Jun 2024 13:53:06 WAT
Running script at Thu 20 Jun 2024 13:53:06 WAT
[main a55dab6b] hot fix
 2 files changed, 5 insertions(+), 1 deletion(-)
Running script at Thu 20 Jun 2024 13:54:06 WAT
Running script at Thu 20 Jun 2024 13:54:06 WAT
[main 1c92d734] hot fix
 2 files changed, 5 insertions(+), 1 deletion(-)
Running script at Thu 20 Jun 2024 13:55:06 WAT
Running script at Thu 20 Jun 2024 13:55:06 WAT
[main 2ab43bbd] hot fix
 2 files changed, 5 insertions(+), 1 deletion(-)
Running script at Thu 20 Jun 2024 13:56:06 WAT
Running script at Thu 20 Jun 2024 13:56:06 WAT
